<?xml version="1.0" encoding="UTF-8"?>
<!-- Generated by org.testng.reporters.JUnitReportReporter -->
<testsuite hostname="Raul" failures="0" tests="1" name="TestNG.LearnTestNG" time="2.170" errors="0" timestamp="2022-03-12T11:11:15 MST" skipped="0">
  <testcase classname="TestNG.LearnTestNG" name="loginTest" time="2.170"/>
  <system-out/>
</testsuite> <!-- TestNG.LearnTestNG -->
